<?xml version="1.0" encoding="UTF-8"?>
<!-- Generated by org.testng.reporters.JUnitXMLReporter -->
<testsuite ignored="0" hostname="DESKTOP-R3N6JMJ" failures="0" tests="3" name="Surefire test" time="48.849" errors="0" timestamp="2021-02-05T22:51:04 EET">
  <testcase classname="Tests.DropdownTest" name="dropdownTest" time="5.787"/>
  <testcase classname="Tests.FormAuthenticationTest" name="Login" time="2.036"/>
  <testcase classname="Tests.TablesTest" name="TableTest" time="1.25"/>
</testsuite> <!-- Surefire test -->
