<?xml version="1.0" encoding="UTF-8"?>
<testsuite xmlns:xsi="http://www.w3.org/2001/XMLSchema-instance" xsi:noNamespaceSchemaLocation="https://maven.apache.org/surefire/maven-surefire-plugin/xsd/surefire-test-report.xsd" name="TestSuite" time="50.011" tests="3" errors="0" skipped="0" failures="0">
  <properties>
[...]
</properties>
  <testcase name="dropdownTest" classname="Tests.DropdownTest" time="6.959"/>
  <testcase name="Login" classname="Tests.FormAuthenticationTest" time="2.036"/>
  <testcase name="TableTest" classname="Tests.TablesTest" time="1.234"/>
</testsuite>