<?xml version="1.0" encoding="UTF-8"?>
<testng-results ignored="0" total="3" passed="3" failed="0" skipped="0">
  <reporter-output>
  </reporter-output>
  <suite started-at="2021-02-05T22:50:15 EET" name="Surefire suite" finished-at="2021-02-05T22:51:04 EET" duration-ms="48849">
    <groups>
    </groups>
    <test started-at="2021-02-05T22:50:15 EET" name="Surefire test" finished-at="2021-02-05T22:51:04 EET" duration-ms="48849">
      <class name="Tests.TablesTest">
        <test-method is-config="true" signature="setUp()[pri:0, instance:Tests.TablesTest@4b520ea8]" started-at="2021-02-05T22:50:54 EET" name="setUp" finished-at="2021-02-05T22:51:02 EET" duration-ms="7197" status="PASS">
          <reporter-output>
          </reporter-output>
        </test-method> <!-- setUp -->
        <test-method signature="TableTest()[pri:0, instance:Tests.TablesTest@4b520ea8]" started-at="2021-02-05T22:51:02 EET" name="TableTest" finished-at="2021-02-05T22:51:03 EET" duration-ms="1250" status="PASS">
          <reporter-output>
          </reporter-output>
        </test-method> <!-- TableTest -->
        <test-method is-config="true" signature="tearDown()[pri:0, instance:Tests.TablesTest@4b520ea8]" started-at="2021-02-05T22:51:03 EET" name="tearDown" finished-at="2021-02-05T22:51:04 EET" duration-ms="1203" status="PASS">
          <reporter-output>
          </reporter-output>
        </test-method> <!-- tearDown -->
      </class> <!-- Tests.TablesTest -->
      <class name="Tests.DropdownTest">
        <test-method is-config="true" signature="setUp()[pri:0, instance:Tests.DropdownTest@97e93f1]" started-at="2021-02-05T22:50:15 EET" name="setUp" finished-at="2021-02-05T22:50:32 EET" duration-ms="17079" status="PASS">
          <reporter-output>
          </reporter-output>
        </test-method> <!-- setUp -->
        <test-method signature="dropdownTest()[pri:0, instance:Tests.DropdownTest@97e93f1]" started-at="2021-02-05T22:50:32 EET" name="dropdownTest" finished-at="2021-02-05T22:50:38 EET" duration-ms="5787" status="PASS">
          <reporter-output>
          </reporter-output>
        </test-method> <!-- dropdownTest -->
        <test-method is-config="true" signature="tearDown()[pri:0, instance:Tests.DropdownTest@97e93f1]" started-at="2021-02-05T22:50:39 EET" name="tearDown" finished-at="2021-02-05T22:50:41 EET" duration-ms="1208" status="PASS">
          <reporter-output>
          </reporter-output>
        </test-method> <!-- tearDown -->
      </class> <!-- Tests.DropdownTest -->
      <class name="Tests.FormAuthenticationTest">
        <test-method is-config="true" signature="setUp()[pri:0, instance:Tests.FormAuthenticationTest@5a5a729f]" started-at="2021-02-05T22:50:41 EET" name="setUp" finished-at="2021-02-05T22:50:50 EET" duration-ms="9340" status="PASS">
          <reporter-output>
          </reporter-output>
        </test-method> <!-- setUp -->
        <test-method signature="Login(java.lang.String, java.lang.String)[pri:1, instance:Tests.FormAuthenticationTest@5a5a729f]" started-at="2021-02-05T22:50:51 EET" name="Login" data-provider="ExcelData" finished-at="2021-02-05T22:50:53 EET" duration-ms="2036" status="PASS">
          <params>
            <param index="0">
              <value>
                <![CDATA[tomsmith]]>
              </value>
            </param>
            <param index="1">
              <value>
                <![CDATA[SuperSecretPassword!]]>
              </value>
            </param>
          </params>
          <reporter-output>
          </reporter-output>
        </test-method> <!-- Login -->
        <test-method is-config="true" signature="tearDown()[pri:0, instance:Tests.FormAuthenticationTest@5a5a729f]" started-at="2021-02-05T22:50:53 EET" name="tearDown" finished-at="2021-02-05T22:50:54 EET" duration-ms="1304" status="PASS">
          <reporter-output>
          </reporter-output>
        </test-method> <!-- tearDown -->
      </class> <!-- Tests.FormAuthenticationTest -->
    </test> <!-- Surefire test -->
  </suite> <!-- Surefire suite -->
</testng-results>
